<?xml version="1.0" encoding="UTF-8"?>

<mule xmlns:http="http://www.mulesoft.org/schema/mule/http" xmlns="http://www.mulesoft.org/schema/mule/core"
	xmlns:doc="http://www.mulesoft.org/schema/mule/documentation"
	xmlns:xsi="http://www.w3.org/2001/XMLSchema-instance" xsi:schemaLocation="http://www.mulesoft.org/schema/mule/core http://www.mulesoft.org/schema/mule/core/current/mule.xsd
http://www.mulesoft.org/schema/mule/http http://www.mulesoft.org/schema/mule/http/current/mule-http.xsd">
	<http:listener-config name="HTTP_Listener_config" doc:name="HTTP Listener config" doc:id="5aff06aa-1df4-49d3-b5af-f7c5ce72aad2" >
		<http:listener-connection host="0.0.0.0" port="8081" />
	</http:listener-config>
	<flow name="test-edi-945-processFlow" doc:id="574b3ea5-9be3-4158-b00c-46c299f13f13" >
		<http:listener doc:name="Listener" doc:id="a9227cd0-b44e-4183-a32b-c4e9de2bff97" config-ref="HTTP_Listener_config" path="/test945Function"/>
		<logger level="INFO" doc:name="Logger" doc:id="76d51d6e-cc36-4aa7-a671-c80a5c37ccdf" message="945 test was successful but eventually it was failed. But somebody made it successful. "/>
	</flow>
</mule>
